<?xml version="1.0" encoding="UTF-8"?>
<testng-results skipped="0" failed="0" ignored="0" total="1" passed="1">
  <reporter-output>
  </reporter-output>
  <suite name="Default suite" duration-ms="52177" started-at="2019-03-06T05:47:51Z" finished-at="2019-03-06T05:48:43Z">
    <groups>
    </groups>
    <test name="Default test" duration-ms="52177" started-at="2019-03-06T05:47:51Z" finished-at="2019-03-06T05:48:43Z">
      <class name="Delivery_com_DEL.Delivery_com_DEL.AppTest">
        <test-method status="PASS" signature="setup()[pri:0, instance:Delivery_com_DEL.Delivery_com_DEL.AppTest@13deb50e]" name="setup" is-config="true" duration-ms="10712" started-at="2019-03-06T05:47:51Z" finished-at="2019-03-06T05:48:02Z">
          <reporter-output>
          </reporter-output>
        </test-method> <!-- setup -->
        <test-method status="PASS" signature="del_com()[pri:0, instance:Delivery_com_DEL.Delivery_com_DEL.AppTest@13deb50e]" name="del_com" duration-ms="41422" started-at="2019-03-06T05:48:02Z" finished-at="2019-03-06T05:48:43Z">
          <reporter-output>
          </reporter-output>
        </test-method> <!-- del_com -->
        <test-method status="PASS" signature="end()[pri:0, instance:Delivery_com_DEL.Delivery_com_DEL.AppTest@13deb50e]" name="end" is-config="true" duration-ms="0" started-at="2019-03-06T05:48:43Z" finished-at="2019-03-06T05:48:43Z">
          <reporter-output>
          </reporter-output>
        </test-method> <!-- end -->
      </class> <!-- Delivery_com_DEL.Delivery_com_DEL.AppTest -->
    </test> <!-- Default test -->
  </suite> <!-- Default suite -->
</testng-results>
